<?xml version="1.0" encoding="UTF-8"?>
<!-- Generated by org.testng.reporters.JUnitXMLReporter -->
<testsuite hostname="EPRURYAW0942" ignored="0" name="testing" tests="14" failures="5" timestamp="2019-12-11T19:11:11 MSK" time="0.055" errors="0">
  <testcase name="checkCircumference" time="0.009" classname="Tests.TestFigures.CircleTest">
    <failure type="org.testng.internal.reflect.MethodMatcherException" message="
[public void Tests.TestFigures.CircleTest.checkCircumference(java.lang.Double,java.lang.Double)] has no parameters defined but was found to be using a data provider (either explicitly specified or inherited from class level annotation).
Data provider mismatch
Method: checkCircumference([Parameter{index=0, type=java.lang.Double, declaredAnnotations=[@org.testng.annotations.Optional(value=)]}, Parameter{index=1, type=java.lang.Double, declaredAnnotations=[]}])
Arguments: [(java.lang.Double) 1.0]">
      <![CDATA[org.testng.internal.reflect.MethodMatcherException: 
[public void Tests.TestFigures.CircleTest.checkCircumference(java.lang.Double,java.lang.Double)] has no parameters defined but was found to be using a data provider (either explicitly specified or inherited from class level annotation).
Data provider mismatch
Arguments: [(java.lang.Double) 1.0]
at java.util.ArrayList.forEach(Unknown Source)
... Removed 23 stack frames]]>
    </failure>
  </testcase> <!-- checkCircumference -->
  <testcase name="checkSquare" time="0.009" classname="Tests.TestFigures.CircleTest"/>
  <testcase name="checkSquare" time="0.001" classname="Tests.TestFigures.CircleTest">
    <failure type="org.testng.TestException" message="
The exception was thrown with the wrong message: expected &amp;quot;The values aren&amp;apos;t the same&amp;quot; but got &amp;quot;expected [3.14159265359E8] but found [3.1415926536E8]&amp;quot;">
      <![CDATA[org.testng.TestException: 
The exception was thrown with the wrong message: expected "The values aren't the same" but got "expected [3.14159265359E8] but found [3.1415926536E8]"
at java.util.ArrayList.forEach(Unknown Source)
Caused by: java.lang.AssertionError: expected [3.14159265359E8] but found [3.1415926536E8]
at Tests.Equaliser.equialTwo(Equaliser.java:9)
at Tests.TestFigures.CircleTest.checkSquare(CircleTest.java:34)
... 22 more
... Removed 34 stack frames]]>
    </failure>
  </testcase> <!-- checkSquare -->
  <testcase name="checkSquare" time="0.001" classname="Tests.TestFigures.CircleTest">
    <failure type="org.testng.TestException" message="
The exception was thrown with the wrong message: expected &amp;quot;The values aren&amp;apos;t the same&amp;quot; but got &amp;quot;expected [19.635] but found [19.636]&amp;quot;">
      <![CDATA[org.testng.TestException: 
The exception was thrown with the wrong message: expected "The values aren't the same" but got "expected [19.635] but found [19.636]"
at java.util.ArrayList.forEach(Unknown Source)
Caused by: java.lang.AssertionError: expected [19.635] but found [19.636]
at Tests.Equaliser.equialTwo(Equaliser.java:9)
at Tests.TestFigures.CircleTest.checkSquare(CircleTest.java:34)
... 22 more
... Removed 34 stack frames]]>
    </failure>
  </testcase> <!-- checkSquare -->
  <testcase name="checkSquare" time="0.001" classname="Tests.TestFigures.QuadratTest"/>
  <testcase name="checkSquare" time="0.001" classname="Tests.TestFigures.QuadratTest"/>
  <testcase name="checkSquare" time="0.001" classname="Tests.TestFigures.QuadratTest"/>
  <testcase name="checkPerimetr" time="0.001" classname="Tests.TestFigures.QuadratTest"/>
  <testcase name="checkPerimetr" time="0.001" classname="Tests.TestFigures.QuadratTest"/>
  <testcase name="checkPerimetr" time="0.001" classname="Tests.TestFigures.QuadratTest"/>
  <testcase name="checkPerimetr" time="0.001" classname="Tests.TestFigures.RectangleTest"/>
  <testcase name="checkPerimetr" time="0.002" classname="Tests.TestFigures.RectangleTest">
    <failure type="org.testng.internal.reflect.MethodMatcherException" message="
[public void Tests.TestFigures.RectangleTest.checkPerimetr(java.lang.Double,java.lang.Double)] has no parameters defined but was found to be using a data provider (either explicitly specified or inherited from class level annotation).
Data provider mismatch
Method: checkPerimetr([Parameter{index=0, type=java.lang.Double, declaredAnnotations=[]}, Parameter{index=1, type=java.lang.Double, declaredAnnotations=[]}])
Arguments: [(java.lang.Integer) 10000,(java.lang.Double) 2.0]">
      <![CDATA[org.testng.internal.reflect.MethodMatcherException: 
[public void Tests.TestFigures.RectangleTest.checkPerimetr(java.lang.Double,java.lang.Double)] has no parameters defined but was found to be using a data provider (either explicitly specified or inherited from class level annotation).
Data provider mismatch
Method: checkPerimetr([Parameter{index=0, type=java.lang.Double, declaredAnnotations=[]}, Parameter{index=1, type=java.lang.Double, declaredAnnotations=[]}])
Arguments: [(java.lang.Integer) 10000,(java.lang.Double) 2.0]
at java.util.ArrayList.forEach(Unknown Source)
... Removed 22 stack frames]]>
    </failure>
  </testcase> <!-- checkPerimetr -->
  <testcase name="checkRectangle" time="0.001" classname="Tests.TestFigures.RectangleTest"/>
  <testcase name="checkRectangle" time="0.001" classname="Tests.TestFigures.RectangleTest">
    <failure type="org.testng.internal.reflect.MethodMatcherException" message="
[public void Tests.TestFigures.RectangleTest.checkRectangle(java.lang.Double,java.lang.Double)] has no parameters defined but was found to be using a data provider (either explicitly specified or inherited from class level annotation).
Data provider mismatch
Method: checkRectangle([Parameter{index=0, type=java.lang.Double, declaredAnnotations=[]}, Parameter{index=1, type=java.lang.Double, declaredAnnotations=[]}])
Arguments: [(java.lang.Integer) 10000,(java.lang.Double) 2.0]">
      <![CDATA[org.testng.internal.reflect.MethodMatcherException: 
[public void Tests.TestFigures.RectangleTest.checkRectangle(java.lang.Double,java.lang.Double)] has no parameters defined but was found to be using a data provider (either explicitly specified or inherited from class level annotation).
Data provider mismatch
Method: checkRectangle([Parameter{index=0, type=java.lang.Double, declaredAnnotations=[]}, Parameter{index=1, type=java.lang.Double, declaredAnnotations=[]}])
Arguments: [(java.lang.Integer) 10000,(java.lang.Double) 2.0]
at java.util.ArrayList.forEach(Unknown Source)
... Removed 22 stack frames]]>
    </failure>
  </testcase> <!-- checkRectangle -->
</testsuite> <!-- testing -->
